/dev/null
1 records committed
1 records committed
1 records committed
1 records committed
1 records committed
1 records committed
1 records committed
1 records committed
1 records committed
1 records committed
1 records committed
1 records committed
1 records committed
1 records committed
1 records committed
1 records committed
1 records committed
1 records committed
1 records committed
1 records committed
1 records committed
1 records committed
1 records committed
1 records committed
1 records committed
1 records committed
1 records committed
1 records committed
1 records committed
1 records committed
1 records committed
1 records committed
1 records committed
1 records committed
1 records committed
1 records committed
1 records committed
1 records committed
1 records committed
1 records committed
1 records committed
1 records committed
1 records committed
1 records committed
1 records committed
1 records committed
1 records committed
1 records committed
1 records committed
1 records committed
1 records committed
1 records committed
1 records committed
1 records committed
1 records committed
1 records committed
1 records committed
1 records committed
1 records committed
1 records committed
1 records committed
1 records committed
1 records committed
1 records committed
1 records committed
1 records committed
1 records committed
1 records committed
1 records committed
1 records committed
1 records committed
exception : insert error => (1062, u"Duplicate entry '01L73JJ5D8DV59UD04000VTAES0000R4' for key 'idx_recording_u'"), calluuid => (('01L73JJ5D8DV59UD04000VTAES0000R4', u'/recordings/2018/12/11/10/01L73JJ5D8DV59UD04000VTAES0000R4_2018-12-11_10-37-07-007701C0-1000779D-00000001.mp3', '20181211'),)
1 records committed
2 records committed
1 records committed
exception : insert error => (1062, u"Duplicate entry '01L73JJ5D8DV59UD04000VTAES0000R7' for key 'idx_recording_u'"), calluuid => (('01L73JJ5D8DV59UD04000VTAES0000R7', u'/recordings/2018/12/11/10/01L73JJ5D8DV59UD04000VTAES0000R7_2018-12-11_10-39-02-007701C0-100077AC-00000001.mp3', '20181211'),)
1 records committed
1 records committed
1 records committed
1 records committed
1 records committed
1 records committed
1 records committed
1 records committed
1 records committed
1 records committed
exception : insert error => (1062, u"Duplicate entry '01L73JJ5D8DV59UD04000VTAES0000RO' for key 'idx_recording_u'"), calluuid => (('01L73JJ5D8DV59UD04000VTAES0000RO', u'/recordings/2018/12/11/10/01L73JJ5D8DV59UD04000VTAES0000RO_2018-12-11_10-53-07-007701C0-100077E6-00000001.mp3', '20181211'),)
1 records committed
2 records committed
exception : insert error => (1062, u"Duplicate entry '01L73JJ5D8DV59UD04000VTAES0000RQ' for key 'idx_recording_u'"), calluuid => (('01L73JJ5D8DV59UD04000VTAES0000RQ', u'/recordings/2018/12/11/10/01L73JJ5D8DV59UD04000VTAES0000RQ_2018-12-11_10-55-14-007701C0-100077F2-00000001.mp3', '20181211'),)
1 records committed
1 records committed
1 records committed
1 records committed
1 records committed
1 records committed
1 records committed
1 records committed
2 records committed
2 records committed
exception : insert error => (1062, u"Duplicate entry '01L73JJ5D8DV59UD04000VTAES0000SC' for key 'idx_recording_u'"), calluuid => (('01L73JJ5D8DV59UD04000VTAES0000SC', u'/recordings/2018/12/11/15/01L73JJ5D8DV59UD04000VTAES0000SC_2018-12-11_15-07-06-007701C0-10007820-00000001.mp3', '20181211'),)
2 records committed
exception : insert error => (1062, u"Duplicate entry '01L73JJ5D8DV59UD04000VTAES0000SE' for key 'idx_recording_u'"), calluuid => (('01L73JJ5D8DV59UD04000VTAES0000SE', u'/recordings/2018/12/11/15/01L73JJ5D8DV59UD04000VTAES0000SE_2018-12-11_15-09-51-007701C0-1000782C-00000001.mp3', '20181211'),)
1 records committed
exception : insert error => (1062, u"Duplicate entry '01L73JJ5D8DV59UD04000VTAES0000SH' for key 'idx_recording_u'"), calluuid => (('01L73JJ5D8DV59UD04000VTAES0000SH', u'/recordings/2018/12/11/15/01L73JJ5D8DV59UD04000VTAES0000SH_2018-12-11_15-33-45-007701C0-10007837-00000001.mp3', '20181211'),)
2 records committed
exception : insert error => (1062, u"Duplicate entry '01L73JJ5D8DV59UD04000VTAES0000SJ' for key 'idx_recording_u'"), calluuid => (('01L73JJ5D8DV59UD04000VTAES0000SJ', u'/recordings/2018/12/11/15/01L73JJ5D8DV59UD04000VTAES0000SJ_2018-12-11_15-36-58-007701C0-10007843-00000001.mp3', '20181211'),)
1 records committed
1 records committed
1 records committed
1 records committed
1 records committed
1 records committed
1 records committed
1 records committed
1 records committed
1 records committed
1 records committed
1 records committed
1 records committed
1 records committed
1 records committed
1 records committed
1 records committed
1 records committed
1 records committed
1 records committed
1 records committed
1 records committed
1 records committed
1 records committed
1 records committed
1 records committed
1 records committed
1 records committed
1 records committed
1 records committed
1 records committed
1 records committed
1 records committed
1 records committed
1 records committed
1 records committed
1 records committed
1 records committed
1 records committed
1 records committed
1 records committed
1 records committed
1 records committed
1 records committed
